<?xml version="1.0" encoding="UTF-8"?>
<!-- Generated by org.testng.reporters.JUnitXMLReporter -->
<testsuite ignored="1" hostname="MSI" failures="0" tests="1" name="NegativeTests" time="9.868" errors="0" timestamp="25 juin 2020 20:24:54 GMT">
  <testcase classname="com.mundijuegos.loginPageTest.LoginTests" name="negativeLoginTests" time="3.534"/>
  <testcase classname="com.mundijuegos.loginPageTest.LoginTests" name="positiveLoginTest" time="0.0">
    <ignored/>
  </testcase> <!-- positiveLoginTest -->
</testsuite> <!-- NegativeTests -->
