<?xml version="1.0" encoding="UTF-8"?>
<!-- Generated by org.testng.reporters.JUnitXMLReporter -->
<testsuite ignored="1" hostname="DESKTOP-G6VBFF2" failures="0" tests="1" name="NegativeTests - FIREFOX" time="9.566" errors="0" timestamp="23 Jul 2020 10:40:21 GMT">
  <testcase classname="com.mundijuegos.loginTest.LoginTests" name="negativeLoginTests" time="4.599"/>
  <testcase classname="com.mundijuegos.loginTest.LoginTests" name="positiveLoginTest" time="0.0">
    <ignored/>
  </testcase> <!-- positiveLoginTest -->
</testsuite> <!-- NegativeTests - FIREFOX -->
