<?xml version="1.0" encoding="UTF-8"?>
<!-- Generated by org.testng.reporters.JUnitXMLReporter -->
<testsuite ignored="1" hostname="DESKTOP-G6VBFF2" failures="0" tests="1" name="NegativeTests - CHROME" time="8.538" errors="0" timestamp="02 oct. 2020 09:02:38 GMT">
  <testcase classname="com.mundijuegos.loginTest.LoginTests" name="negativeLoginTests" time="2.609"/>
  <testcase classname="com.mundijuegos.loginTest.LoginTests" name="positiveLoginTest" time="0.0">
    <ignored/>
  </testcase> <!-- positiveLoginTest -->
</testsuite> <!-- NegativeTests - CHROME -->
