<?xml version="1.0" encoding="UTF-8"?>
<!-- Generated by org.testng.reporters.JUnitXMLReporter -->
<testsuite ignored="1" hostname="DESKTOP-G6VBFF2" failures="0" tests="1" name="PositiveTest - FIREFOX" time="9.032" errors="0" timestamp="04 Aug 2020 07:32:56 GMT">
  <testcase classname="com.mundijuegos.loginTest.LoginTests" name="positiveLoginTest" time="3.909"/>
  <testcase classname="com.mundijuegos.loginTest.LoginTests" name="negativeLoginTests" time="0.0">
    <ignored/>
  </testcase> <!-- negativeLoginTests -->
</testsuite> <!-- PositiveTest - FIREFOX -->
