<?xml version="1.0" encoding="UTF-8"?>
<!-- Generated by org.testng.reporters.JUnitXMLReporter -->
<testsuite ignored="1" hostname="MSI" failures="0" tests="1" name="PositiveTest" time="10.871" errors="0" timestamp="25 juin 2020 20:24:55 GMT">
  <testcase classname="com.mundijuegos.loginPageTest.LoginTests" name="positiveLoginTest" time="4.068"/>
  <testcase classname="com.mundijuegos.loginPageTest.LoginTests" name="negativeLoginTests" time="0.0">
    <ignored/>
  </testcase> <!-- negativeLoginTests -->
</testsuite> <!-- PositiveTest -->
