<?xml version="1.0" encoding="UTF-8"?>
<!-- Generated by org.testng.reporters.JUnitXMLReporter -->
<testsuite ignored="1" hostname="DESKTOP-G6VBFF2" failures="0" tests="1" name="PositiveTest - CHROME" time="11.302" errors="0" timestamp="23 Jul 2020 10:39:51 GMT">
  <testcase classname="com.mundijuegos.loginTest.LoginTests" name="positiveLoginTest" time="4.165"/>
  <testcase classname="com.mundijuegos.loginTest.LoginTests" name="negativeLoginTests" time="0.0">
    <ignored/>
  </testcase> <!-- negativeLoginTests -->
</testsuite> <!-- PositiveTest - CHROME -->
