<?xml version="1.0" encoding="UTF-8"?>
<!-- Generated by org.testng.reporters.JUnitXMLReporter -->
<testsuite ignored="1" hostname="DESKTOP-G6VBFF2" failures="0" tests="1" name="PositiveTest - CHROME" time="10.426" errors="0" timestamp="02 oct. 2020 09:02:20 GMT">
  <testcase classname="com.mundijuegos.loginTest.LoginTests" name="positiveLoginTest" time="3.158"/>
  <testcase classname="com.mundijuegos.loginTest.LoginTests" name="negativeLoginTests" time="0.0">
    <ignored/>
  </testcase> <!-- negativeLoginTests -->
</testsuite> <!-- PositiveTest - CHROME -->
