<?xml version="1.0" encoding="UTF-8"?>
<!-- Generated by org.testng.reporters.JUnitXMLReporter -->
<testsuite ignored="1" hostname="MSI" failures="0" tests="1" name="Test #5: NegativeTest" time="11.382" errors="0" timestamp="2020-06-22T15:26:24 CEST">
  <testcase classname="com.mundijuegos.LoginTests" name="negativeLoginTests" time="4.947"/>
  <testcase classname="com.mundijuegos.LoginTests" name="positiveLoginTest" time="0.0">
    <ignored/>
  </testcase> <!-- positiveLoginTest -->
</testsuite> <!-- Test #5: NegativeTest -->
