<?xml version="1.0" encoding="UTF-8"?>
<!-- Generated by org.testng.reporters.JUnitXMLReporter -->
<testsuite ignored="1" hostname="MSI" failures="0" tests="1" name="Test #1: PositiveTest" time="11.771" errors="0" timestamp="2020-06-22T16:31:15 CEST">
  <testcase classname="com.mundijuegos.LoginTests" name="positiveLoginTest" time="5.124"/>
  <testcase classname="com.mundijuegos.LoginTests" name="negativeLoginTests" time="0.0">
    <ignored/>
  </testcase> <!-- negativeLoginTests -->
</testsuite> <!-- Test #1: PositiveTest -->
