<?xml version="1.0" encoding="UTF-8"?>
<!-- Generated by org.testng.reporters.JUnitXMLReporter -->
<testsuite ignored="1" hostname="MSI" failures="0" tests="1" name="Test #3: PositiveTest" time="10.055" errors="0" timestamp="2020-06-22T15:26:03 CEST">
  <testcase classname="com.mundijuegos.LoginTests" name="positiveLoginTest" time="4.154"/>
  <testcase classname="com.mundijuegos.LoginTests" name="negativeLoginTests" time="0.0">
    <ignored/>
  </testcase> <!-- negativeLoginTests -->
</testsuite> <!-- Test #3: PositiveTest -->
