<?xml version="1.0" encoding="UTF-8"?>
<!-- Generated by org.testng.reporters.JUnitXMLReporter -->
<testsuite ignored="1" hostname="MSI" failures="0" tests="1" name="NegativeUsernameTests" time="9.332" errors="0" timestamp="2020-06-22T16:27:41 CEST">
  <testcase classname="com.herokuapp.theinternet.LoginTest2" name="negativeLoginTests" time="3.468"/>
  <testcase classname="com.herokuapp.theinternet.LoginTest2" name="positiveLoginTest" time="0.0">
    <ignored/>
  </testcase> <!-- positiveLoginTest -->
</testsuite> <!-- NegativeUsernameTests -->
