<?xml version="1.0" encoding="UTF-8"?>
<!-- Generated by org.testng.reporters.JUnitXMLReporter -->
<testsuite ignored="1" hostname="MSI" failures="0" tests="1" name="PositiveTests" time="11.186" errors="0" timestamp="2020-06-22T16:27:31 CEST">
  <testcase classname="com.herokuapp.theinternet.LoginTest2" name="positiveLoginTest" time="4.641"/>
  <testcase classname="com.herokuapp.theinternet.LoginTest2" name="negativeLoginTests" time="0.0">
    <ignored/>
  </testcase> <!-- negativeLoginTests -->
</testsuite> <!-- PositiveTests -->
