<?xml version="1.0" encoding="UTF-8"?>
<!-- Generated by org.testng.reporters.JUnitXMLReporter -->
<testsuite ignored="0" hostname="MSI" failures="0" tests="3" name="SecondTest" time="0.007" errors="0" timestamp="22 juin 2020 14:44:56 GMT">
  <testcase classname="com.mundijuegos.TestBug" name="Test1" time="0.001"/>
  <testcase classname="com.mundijuegos.TestBug" name="Test2" time="0.001"/>
  <testcase classname="com.mundijuegos.TestBug" name="Test3" time="0.001"/>
</testsuite> <!-- SecondTest -->
