<?xml version="1.0" encoding="UTF-8"?>
<!-- Generated by org.testng.reporters.JUnitXMLReporter -->
<testsuite ignored="1" hostname="DESKTOP-G6VBFF2" failures="0" tests="1" name="NegativeTests - FIREFOX" time="7.973" errors="0" timestamp="12 Nov 2020 14:25:46 GMT">
  <testcase classname="com.mundijuegos.loginTest.LoginTests" name="negativeLoginTests" time="3.686"/>
  <testcase classname="com.mundijuegos.loginTest.LoginTests" name="positiveLoginTest" time="0.0">
    <ignored/>
  </testcase> <!-- positiveLoginTest -->
</testsuite> <!-- NegativeTests - FIREFOX -->
