<?xml version="1.0" encoding="UTF-8"?>
<!-- Generated by org.testng.reporters.JUnitXMLReporter -->
<testsuite ignored="1" hostname="MSI" failures="0" tests="1" name="NegativeTests - FIREFOX" time="10.621" errors="0" timestamp="10 juil. 2020 06:12:32 GMT">
  <testcase classname="com.mundijuegos.loginTest.LoginTests" name="negativeLoginTests" time="3.914"/>
  <testcase classname="com.mundijuegos.loginTest.LoginTests" name="positiveLoginTest" time="0.0">
    <ignored/>
  </testcase> <!-- positiveLoginTest -->
</testsuite> <!-- NegativeTests - FIREFOX -->
