<?xml version="1.0" encoding="UTF-8"?>
<!-- Generated by org.testng.reporters.JUnitXMLReporter -->
<testsuite ignored="1" hostname="MSI" failures="0" tests="1" name="PositiveTest - FIREFOX" time="9.512" errors="0" timestamp="06 juil. 2020 12:06:39 GMT">
  <testcase classname="com.mundijuegos.loginTest.LoginTests" name="positiveLoginTest" time="4.746"/>
  <testcase classname="com.mundijuegos.loginTest.LoginTests" name="negativeLoginTests" time="0.0">
    <ignored/>
  </testcase> <!-- negativeLoginTests -->
</testsuite> <!-- PositiveTest - FIREFOX -->
