<?xml version="1.0" encoding="UTF-8"?>
<!-- Generated by org.testng.reporters.JUnitXMLReporter -->
<testsuite ignored="2" hostname="DESKTOP-G6VBFF2" failures="0" tests="0" time="0.004" errors="0" timestamp="12 Nov 2020 10:14:31 GMT">
  <testcase classname="com.mundijuegos.loginWithFacebook.LoginWithFacebookTest" name="negativeFacebookLoginTest" time="0.0">
    <ignored/>
  </testcase> <!-- negativeFacebookLoginTest -->
  <testcase classname="com.mundijuegos.loginWithFacebook.LoginWithFacebookTest" name="positiveFacebookLoginTest" time="0.0">
    <ignored/>
  </testcase> <!-- positiveFacebookLoginTest -->
</testsuite>
