<?xml version="1.0" encoding="UTF-8"?>
<!-- Generated by org.testng.reporters.JUnitXMLReporter -->
<testsuite ignored="2" hostname="DESKTOP-G6VBFF2" failures="0" tests="0" time="0.001" errors="0" timestamp="04 Aug 2020 07:33:55 GMT">
  <testcase classname="com.mundijuegos.loginWithFacebook.LoginWithFacebookTest" name="negativeFacebookLoginTest" time="0.0">
    <ignored/>
  </testcase> <!-- negativeFacebookLoginTest -->
  <testcase classname="com.mundijuegos.loginWithFacebook.LoginWithFacebookTest" name="positiveFacebookLoginTest" time="0.0">
    <ignored/>
  </testcase> <!-- positiveFacebookLoginTest -->
</testsuite>
