<?xml version="1.0" encoding="UTF-8"?>
<!-- Generated by org.testng.reporters.JUnitXMLReporter -->
<testsuite ignored="1" hostname="MSI" failures="0" tests="1" name="PositiveTest - FIREFOX" time="13.248" errors="0" timestamp="03 juil. 2020 14:06:28 GMT">
  <testcase classname="com.mundijuegos.loginWithFacebook.LoginWithFacebookTest" name="positiveFacebookLoginTest" time="8.235"/>
  <testcase classname="com.mundijuegos.loginWithFacebook.LoginWithFacebookTest" name="negativeFacebookLoginTest" time="0.0">
    <ignored/>
  </testcase> <!-- negativeFacebookLoginTest -->
</testsuite> <!-- PositiveTest - FIREFOX -->
