<?xml version="1.0" encoding="UTF-8"?>
<!-- Generated by org.testng.reporters.JUnitXMLReporter -->
<testsuite ignored="1" hostname="DESKTOP-G6VBFF2" failures="0" tests="1" name="PositiveTest- Facebook - FIREFOX" time="10.907" errors="0" timestamp="20 Jul 2020 13:55:43 GMT">
  <testcase classname="com.mundijuegos.loginWithFacebook.LoginWithFacebookTest" name="positiveFacebookLoginTest" time="6.467"/>
  <testcase classname="com.mundijuegos.loginWithFacebook.LoginWithFacebookTest" name="negativeFacebookLoginTest" time="0.0">
    <ignored/>
  </testcase> <!-- negativeFacebookLoginTest -->
</testsuite> <!-- PositiveTest- Facebook - FIREFOX -->
