<?xml version="1.0" encoding="UTF-8"?>
<!-- Generated by org.testng.reporters.JUnitXMLReporter -->
<testsuite ignored="1" hostname="MSI" failures="0" tests="1" name="PositiveTest - CHROME" time="17.544" errors="0" timestamp="08 juil. 2020 15:55:12 GMT">
  <testcase classname="com.mundijuegos.loginWithFacebook.LoginWithFacebookTest" name="positiveFacebookLoginTest" time="11.279"/>
  <testcase classname="com.mundijuegos.loginWithFacebook.LoginWithFacebookTest" name="negativeFacebookLoginTest" time="0.0">
    <ignored/>
  </testcase> <!-- negativeFacebookLoginTest -->
</testsuite> <!-- PositiveTest - CHROME -->
