<?xml version="1.0" encoding="UTF-8"?>
<testng-results ignored="10" total="22" passed="12" failed="0" skipped="0">
  <reporter-output>
  </reporter-output>
  <suite started-at="2020-11-12T14:27:21Z" name="CompleteTest" finished-at="2020-11-12T14:27:21Z" duration-ms="0">
    <groups>
    </groups>
  </suite> <!-- CompleteTest -->
  <suite started-at="2020-11-12T14:25:08Z" name="LoginTestSuite" finished-at="2020-11-12T14:25:46Z" duration-ms="38098">
    <groups>
      <group name="positiveTests">
        <method signature="LoginTests.positiveLoginTest(java.lang.String, java.lang.String)[pri:1, instance:com.mundijuegos.loginTest.LoginTests@544d57e]" name="positiveLoginTest" class="com.mundijuegos.loginTest.LoginTests"/>
        <method signature="LoginTests.positiveLoginTest(java.lang.String, java.lang.String)[pri:1, instance:com.mundijuegos.loginTest.LoginTests@16aa8654]" name="positiveLoginTest" class="com.mundijuegos.loginTest.LoginTests"/>
      </group> <!-- positiveTests -->
      <group name="negativeTests">
        <method signature="LoginTests.negativeLoginTests(java.lang.String, java.lang.String)[pri:2, instance:com.mundijuegos.loginTest.LoginTests@4f74980d]" name="negativeLoginTests" class="com.mundijuegos.loginTest.LoginTests"/>
        <method signature="LoginTests.negativeLoginTests(java.lang.String, java.lang.String)[pri:2, instance:com.mundijuegos.loginTest.LoginTests@6e15fe2]" name="negativeLoginTests" class="com.mundijuegos.loginTest.LoginTests"/>
      </group> <!-- negativeTests -->
    </groups>
    <test started-at="2020-11-12T14:25:08Z" name="PositiveTest - CHROME" finished-at="2020-11-12T14:25:20Z" duration-ms="12307">
      <class name="com.mundijuegos.loginTest.LoginTests">
        <test-method is-config="true" signature="Setup(java.lang.String, org.testng.ITestContext)[pri:0, instance:com.mundijuegos.loginTest.LoginTests@544d57e]" started-at="2020-11-12T14:25:08Z" name="Setup" finished-at="2020-11-12T14:25:14Z" duration-ms="6104" status="PASS">
          <params>
            <param index="0">
              <value>
                <![CDATA[chrome]]>
              </value>
            </param>
            <param index="1">
              <value>
                <![CDATA[org.testng.TestRunner@5c5a91b4]]>
              </value>
            </param>
          </params>
          <reporter-output>
          </reporter-output>
        </test-method> <!-- Setup -->
        <test-method signature="positiveLoginTest(java.lang.String, java.lang.String)[pri:1, instance:com.mundijuegos.loginTest.LoginTests@544d57e]" started-at="2020-11-12T14:25:14Z" name="positiveLoginTest" finished-at="2020-11-12T14:25:19Z" duration-ms="5082" status="PASS">
          <params>
            <param index="0">
              <value>
                <![CDATA[Nicoroots]]>
              </value>
            </param>
            <param index="1">
              <value>
                <![CDATA[Baator1985]]>
              </value>
            </param>
          </params>
          <reporter-output>
          </reporter-output>
        </test-method> <!-- positiveLoginTest -->
        <test-method is-config="true" signature="tearDown()[pri:0, instance:com.mundijuegos.loginTest.LoginTests@544d57e]" started-at="2020-11-12T14:25:19Z" name="tearDown" finished-at="2020-11-12T14:25:20Z" duration-ms="1097" status="PASS">
          <reporter-output>
          </reporter-output>
        </test-method> <!-- tearDown -->
      </class> <!-- com.mundijuegos.loginTest.LoginTests -->
    </test> <!-- PositiveTest - CHROME -->
    <test started-at="2020-11-12T14:25:20Z" name="PositiveTest - FIREFOX" finished-at="2020-11-12T14:25:30Z" duration-ms="9340">
      <class name="com.mundijuegos.loginTest.LoginTests">
        <test-method is-config="true" signature="Setup(java.lang.String, org.testng.ITestContext)[pri:0, instance:com.mundijuegos.loginTest.LoginTests@16aa8654]" started-at="2020-11-12T14:25:20Z" name="Setup" finished-at="2020-11-12T14:25:24Z" duration-ms="3490" status="PASS">
          <params>
            <param index="0">
              <value>
                <![CDATA[firefox]]>
              </value>
            </param>
            <param index="1">
              <value>
                <![CDATA[org.testng.TestRunner@5e37fb82]]>
              </value>
            </param>
          </params>
          <reporter-output>
          </reporter-output>
        </test-method> <!-- Setup -->
        <test-method signature="positiveLoginTest(java.lang.String, java.lang.String)[pri:1, instance:com.mundijuegos.loginTest.LoginTests@16aa8654]" started-at="2020-11-12T14:25:24Z" name="positiveLoginTest" finished-at="2020-11-12T14:25:29Z" duration-ms="4988" status="PASS">
          <params>
            <param index="0">
              <value>
                <![CDATA[Nicoroots]]>
              </value>
            </param>
            <param index="1">
              <value>
                <![CDATA[Baator1985]]>
              </value>
            </param>
          </params>
          <reporter-output>
          </reporter-output>
        </test-method> <!-- positiveLoginTest -->
        <test-method is-config="true" signature="tearDown()[pri:0, instance:com.mundijuegos.loginTest.LoginTests@16aa8654]" started-at="2020-11-12T14:25:29Z" name="tearDown" finished-at="2020-11-12T14:25:30Z" duration-ms="862" status="PASS">
          <reporter-output>
          </reporter-output>
        </test-method> <!-- tearDown -->
      </class> <!-- com.mundijuegos.loginTest.LoginTests -->
    </test> <!-- PositiveTest - FIREFOX -->
    <test started-at="2020-11-12T14:25:30Z" name="NegativeTests - CHROME" finished-at="2020-11-12T14:25:38Z" duration-ms="8446">
      <class name="com.mundijuegos.loginTest.LoginTests">
        <test-method is-config="true" signature="Setup(java.lang.String, org.testng.ITestContext)[pri:0, instance:com.mundijuegos.loginTest.LoginTests@4f74980d]" started-at="2020-11-12T14:25:30Z" name="Setup" finished-at="2020-11-12T14:25:35Z" duration-ms="5225" status="PASS">
          <params>
            <param index="0">
              <value>
                <![CDATA[chrome]]>
              </value>
            </param>
            <param index="1">
              <value>
                <![CDATA[org.testng.TestRunner@59ec7020]]>
              </value>
            </param>
          </params>
          <reporter-output>
          </reporter-output>
        </test-method> <!-- Setup -->
        <test-method signature="negativeLoginTests(java.lang.String, java.lang.String)[pri:2, instance:com.mundijuegos.loginTest.LoginTests@4f74980d]" started-at="2020-11-12T14:25:35Z" name="negativeLoginTests" finished-at="2020-11-12T14:25:38Z" duration-ms="2591" status="PASS">
          <params>
            <param index="0">
              <value>
                <![CDATA[Nicoroots]]>
              </value>
            </param>
            <param index="1">
              <value>
                <![CDATA[IncorrectPassword]]>
              </value>
            </param>
          </params>
          <reporter-output>
          </reporter-output>
        </test-method> <!-- negativeLoginTests -->
        <test-method is-config="true" signature="tearDown()[pri:0, instance:com.mundijuegos.loginTest.LoginTests@4f74980d]" started-at="2020-11-12T14:25:38Z" name="tearDown" finished-at="2020-11-12T14:25:38Z" duration-ms="629" status="PASS">
          <reporter-output>
          </reporter-output>
        </test-method> <!-- tearDown -->
      </class> <!-- com.mundijuegos.loginTest.LoginTests -->
    </test> <!-- NegativeTests - CHROME -->
    <test started-at="2020-11-12T14:25:38Z" name="NegativeTests - FIREFOX" finished-at="2020-11-12T14:25:46Z" duration-ms="7973">
      <class name="com.mundijuegos.loginTest.LoginTests">
        <test-method is-config="true" signature="Setup(java.lang.String, org.testng.ITestContext)[pri:0, instance:com.mundijuegos.loginTest.LoginTests@6e15fe2]" started-at="2020-11-12T14:25:38Z" name="Setup" finished-at="2020-11-12T14:25:42Z" duration-ms="3456" status="PASS">
          <params>
            <param index="0">
              <value>
                <![CDATA[firefox]]>
              </value>
            </param>
            <param index="1">
              <value>
                <![CDATA[org.testng.TestRunner@23f60b7d]]>
              </value>
            </param>
          </params>
          <reporter-output>
          </reporter-output>
        </test-method> <!-- Setup -->
        <test-method signature="negativeLoginTests(java.lang.String, java.lang.String)[pri:2, instance:com.mundijuegos.loginTest.LoginTests@6e15fe2]" started-at="2020-11-12T14:25:42Z" name="negativeLoginTests" finished-at="2020-11-12T14:25:45Z" duration-ms="3686" status="PASS">
          <params>
            <param index="0">
              <value>
                <![CDATA[Nicoroots]]>
              </value>
            </param>
            <param index="1">
              <value>
                <![CDATA[IncorrectPassword]]>
              </value>
            </param>
          </params>
          <reporter-output>
          </reporter-output>
        </test-method> <!-- negativeLoginTests -->
        <test-method is-config="true" signature="tearDown()[pri:0, instance:com.mundijuegos.loginTest.LoginTests@6e15fe2]" started-at="2020-11-12T14:25:45Z" name="tearDown" finished-at="2020-11-12T14:25:46Z" duration-ms="829" status="PASS">
          <reporter-output>
          </reporter-output>
        </test-method> <!-- tearDown -->
      </class> <!-- com.mundijuegos.loginTest.LoginTests -->
    </test> <!-- NegativeTests - FIREFOX -->
  </suite> <!-- LoginTestSuite -->
  <suite started-at="2020-11-12T14:26:38Z" name="RegisterTestSuite" finished-at="2020-11-12T14:26:57Z" duration-ms="18768">
    <groups>
    </groups>
    <test started-at="2020-11-12T14:26:38Z" name="RegisterTest - CHROME" finished-at="2020-11-12T14:26:49Z" duration-ms="10281">
      <class name="com.mundijuegos.registerTest.RegisterTest">
        <test-method is-config="true" signature="Setup(java.lang.String, org.testng.ITestContext)[pri:0, instance:com.mundijuegos.registerTest.RegisterTest@6d026701]" started-at="2020-11-12T14:26:38Z" name="Setup" finished-at="2020-11-12T14:26:44Z" duration-ms="5238" status="PASS">
          <params>
            <param index="0">
              <value>
                <![CDATA[chrome]]>
              </value>
            </param>
            <param index="1">
              <value>
                <![CDATA[org.testng.TestRunner@2ba9f986]]>
              </value>
            </param>
          </params>
          <reporter-output>
          </reporter-output>
        </test-method> <!-- Setup -->
        <test-method signature="registerTest()[pri:1, instance:com.mundijuegos.registerTest.RegisterTest@6d026701]" started-at="2020-11-12T14:26:44Z" name="registerTest" finished-at="2020-11-12T14:26:47Z" duration-ms="3783" status="PASS">
          <reporter-output>
          </reporter-output>
        </test-method> <!-- registerTest -->
        <test-method is-config="true" signature="tearDown()[pri:0, instance:com.mundijuegos.registerTest.RegisterTest@6d026701]" started-at="2020-11-12T14:26:47Z" name="tearDown" finished-at="2020-11-12T14:26:49Z" duration-ms="1257" status="PASS">
          <reporter-output>
          </reporter-output>
        </test-method> <!-- tearDown -->
      </class> <!-- com.mundijuegos.registerTest.RegisterTest -->
    </test> <!-- RegisterTest - CHROME -->
    <test started-at="2020-11-12T14:26:49Z" name="RegisterTest - FIREFOX" finished-at="2020-11-12T14:26:57Z" duration-ms="8480">
      <class name="com.mundijuegos.registerTest.RegisterTest">
        <test-method is-config="true" signature="Setup(java.lang.String, org.testng.ITestContext)[pri:0, instance:com.mundijuegos.registerTest.RegisterTest@2812b107]" started-at="2020-11-12T14:26:49Z" name="Setup" finished-at="2020-11-12T14:26:52Z" duration-ms="3463" status="PASS">
          <params>
            <param index="0">
              <value>
                <![CDATA[firefox]]>
              </value>
            </param>
            <param index="1">
              <value>
                <![CDATA[org.testng.TestRunner@4aa3fc9a]]>
              </value>
            </param>
          </params>
          <reporter-output>
          </reporter-output>
        </test-method> <!-- Setup -->
        <test-method signature="registerTest()[pri:1, instance:com.mundijuegos.registerTest.RegisterTest@2812b107]" started-at="2020-11-12T14:26:52Z" name="registerTest" finished-at="2020-11-12T14:26:56Z" duration-ms="4134" status="PASS">
          <reporter-output>
          </reporter-output>
        </test-method> <!-- registerTest -->
        <test-method is-config="true" signature="tearDown()[pri:0, instance:com.mundijuegos.registerTest.RegisterTest@2812b107]" started-at="2020-11-12T14:26:56Z" name="tearDown" finished-at="2020-11-12T14:26:57Z" duration-ms="881" status="PASS">
          <reporter-output>
          </reporter-output>
        </test-method> <!-- tearDown -->
      </class> <!-- com.mundijuegos.registerTest.RegisterTest -->
    </test> <!-- RegisterTest - FIREFOX -->
  </suite> <!-- RegisterTestSuite -->
  <suite started-at="2020-11-12T14:25:46Z" name="LogoutTestSuite" finished-at="2020-11-12T14:26:10Z" duration-ms="24243">
    <groups>
    </groups>
    <test started-at="2020-11-12T14:25:46Z" name="LogoutTest - CHROME" finished-at="2020-11-12T14:25:56Z" duration-ms="9997">
      <class name="com.mundijuegos.logoutTest.LogoutTests">
        <test-method is-config="true" signature="Setup(java.lang.String, org.testng.ITestContext)[pri:0, instance:com.mundijuegos.logoutTest.LogoutTests@275bf9b3]" started-at="2020-11-12T14:25:46Z" name="Setup" finished-at="2020-11-12T14:25:51Z" duration-ms="5210" status="PASS">
          <params>
            <param index="0">
              <value>
                <![CDATA[chrome]]>
              </value>
            </param>
            <param index="1">
              <value>
                <![CDATA[org.testng.TestRunner@70f4f89e]]>
              </value>
            </param>
          </params>
          <reporter-output>
          </reporter-output>
        </test-method> <!-- Setup -->
        <test-method signature="logoutTest(java.lang.String, java.lang.String)[pri:1, instance:com.mundijuegos.logoutTest.LogoutTests@275bf9b3]" started-at="2020-11-12T14:25:51Z" name="logoutTest" finished-at="2020-11-12T14:25:55Z" duration-ms="4147" status="PASS">
          <params>
            <param index="0">
              <value>
                <![CDATA[Nicoroots]]>
              </value>
            </param>
            <param index="1">
              <value>
                <![CDATA[Baator1985]]>
              </value>
            </param>
          </params>
          <reporter-output>
          </reporter-output>
        </test-method> <!-- logoutTest -->
        <test-method is-config="true" signature="tearDown()[pri:0, instance:com.mundijuegos.logoutTest.LogoutTests@275bf9b3]" started-at="2020-11-12T14:25:55Z" name="tearDown" finished-at="2020-11-12T14:25:56Z" duration-ms="639" status="PASS">
          <reporter-output>
          </reporter-output>
        </test-method> <!-- tearDown -->
      </class> <!-- com.mundijuegos.logoutTest.LogoutTests -->
    </test> <!-- LogoutTest - CHROME -->
    <test started-at="2020-11-12T14:25:56Z" name="LogoutTest - FIREFOX" finished-at="2020-11-12T14:26:10Z" duration-ms="14239">
      <class name="com.mundijuegos.logoutTest.LogoutTests">
        <test-method is-config="true" signature="Setup(java.lang.String, org.testng.ITestContext)[pri:0, instance:com.mundijuegos.logoutTest.LogoutTests@46271dd6]" started-at="2020-11-12T14:25:56Z" name="Setup" finished-at="2020-11-12T14:26:00Z" duration-ms="3488" status="PASS">
          <params>
            <param index="0">
              <value>
                <![CDATA[firefox]]>
              </value>
            </param>
            <param index="1">
              <value>
                <![CDATA[org.testng.TestRunner@634aa81e]]>
              </value>
            </param>
          </params>
          <reporter-output>
          </reporter-output>
        </test-method> <!-- Setup -->
        <test-method signature="logoutTest(java.lang.String, java.lang.String)[pri:1, instance:com.mundijuegos.logoutTest.LogoutTests@46271dd6]" started-at="2020-11-12T14:26:00Z" name="logoutTest" finished-at="2020-11-12T14:26:10Z" duration-ms="9997" status="PASS">
          <params>
            <param index="0">
              <value>
                <![CDATA[Nicoroots]]>
              </value>
            </param>
            <param index="1">
              <value>
                <![CDATA[Baator1985]]>
              </value>
            </param>
          </params>
          <reporter-output>
          </reporter-output>
        </test-method> <!-- logoutTest -->
        <test-method is-config="true" signature="tearDown()[pri:0, instance:com.mundijuegos.logoutTest.LogoutTests@46271dd6]" started-at="2020-11-12T14:26:10Z" name="tearDown" finished-at="2020-11-12T14:26:10Z" duration-ms="754" status="PASS">
          <reporter-output>
          </reporter-output>
        </test-method> <!-- tearDown -->
      </class> <!-- com.mundijuegos.logoutTest.LogoutTests -->
    </test> <!-- LogoutTest - FIREFOX -->
  </suite> <!-- LogoutTestSuite -->
  <suite started-at="2020-11-12T14:26:57Z" name="VideoBingoTestSuite" finished-at="2020-11-12T14:27:21Z" duration-ms="23514">
    <groups>
    </groups>
    <test started-at="2020-11-12T14:26:57Z" name="VideoBingoTest - CHROME" finished-at="2020-11-12T14:27:09Z" duration-ms="12012">
      <class name="com.mundijuegos.videoBingo.VideoBingoTest">
        <test-method is-config="true" signature="Setup(java.lang.String, org.testng.ITestContext)[pri:0, instance:com.mundijuegos.videoBingo.VideoBingoTest@5be49b60]" started-at="2020-11-12T14:26:57Z" name="Setup" finished-at="2020-11-12T14:27:02Z" duration-ms="5204" status="PASS">
          <params>
            <param index="0">
              <value>
                <![CDATA[chrome]]>
              </value>
            </param>
            <param index="1">
              <value>
                <![CDATA[org.testng.TestRunner@74b1838]]>
              </value>
            </param>
          </params>
          <reporter-output>
          </reporter-output>
        </test-method> <!-- Setup -->
        <test-method signature="launchVideoBingo(java.lang.String, java.lang.String)[pri:1, instance:com.mundijuegos.videoBingo.VideoBingoTest@5be49b60]" started-at="2020-11-12T14:27:02Z" name="launchVideoBingo" finished-at="2020-11-12T14:27:08Z" duration-ms="6106" status="PASS">
          <params>
            <param index="0">
              <value>
                <![CDATA[Nicoroots]]>
              </value>
            </param>
            <param index="1">
              <value>
                <![CDATA[Baator1985]]>
              </value>
            </param>
          </params>
          <reporter-output>
          </reporter-output>
        </test-method> <!-- launchVideoBingo -->
        <test-method is-config="true" signature="tearDown()[pri:0, instance:com.mundijuegos.videoBingo.VideoBingoTest@5be49b60]" started-at="2020-11-12T14:27:08Z" name="tearDown" finished-at="2020-11-12T14:27:09Z" duration-ms="701" status="PASS">
          <reporter-output>
          </reporter-output>
        </test-method> <!-- tearDown -->
      </class> <!-- com.mundijuegos.videoBingo.VideoBingoTest -->
    </test> <!-- VideoBingoTest - CHROME -->
    <test started-at="2020-11-12T14:27:09Z" name="VideoBingoTest - FIREFOX" finished-at="2020-11-12T14:27:21Z" duration-ms="11497">
      <class name="com.mundijuegos.videoBingo.VideoBingoTest">
        <test-method is-config="true" signature="Setup(java.lang.String, org.testng.ITestContext)[pri:0, instance:com.mundijuegos.videoBingo.VideoBingoTest@327af41b]" started-at="2020-11-12T14:27:09Z" name="Setup" finished-at="2020-11-12T14:27:13Z" duration-ms="3462" status="PASS">
          <params>
            <param index="0">
              <value>
                <![CDATA[firefox]]>
              </value>
            </param>
            <param index="1">
              <value>
                <![CDATA[org.testng.TestRunner@52d96367]]>
              </value>
            </param>
          </params>
          <reporter-output>
          </reporter-output>
        </test-method> <!-- Setup -->
        <test-method signature="launchVideoBingo(java.lang.String, java.lang.String)[pri:1, instance:com.mundijuegos.videoBingo.VideoBingoTest@327af41b]" started-at="2020-11-12T14:27:13Z" name="launchVideoBingo" finished-at="2020-11-12T14:27:20Z" duration-ms="7188" status="PASS">
          <params>
            <param index="0">
              <value>
                <![CDATA[Nicoroots]]>
              </value>
            </param>
            <param index="1">
              <value>
                <![CDATA[Baator1985]]>
              </value>
            </param>
          </params>
          <reporter-output>
          </reporter-output>
        </test-method> <!-- launchVideoBingo -->
        <test-method is-config="true" signature="tearDown()[pri:0, instance:com.mundijuegos.videoBingo.VideoBingoTest@327af41b]" started-at="2020-11-12T14:27:20Z" name="tearDown" finished-at="2020-11-12T14:27:21Z" duration-ms="847" status="PASS">
          <reporter-output>
          </reporter-output>
        </test-method> <!-- tearDown -->
      </class> <!-- com.mundijuegos.videoBingo.VideoBingoTest -->
    </test> <!-- VideoBingoTest - FIREFOX -->
  </suite> <!-- VideoBingoTestSuite -->
  <suite started-at="2020-11-12T14:26:10Z" name="LoginTestWithFacebookSuite" finished-at="2020-11-12T14:26:38Z" duration-ms="27895">
    <groups>
      <group name="positiveTests">
        <method signature="LoginWithFacebookTest.positiveFacebookLoginTest(java.lang.String, java.lang.String)[pri:1, instance:com.mundijuegos.loginWithFacebook.LoginWithFacebookTest@616ac46a]" name="positiveFacebookLoginTest" class="com.mundijuegos.loginWithFacebook.LoginWithFacebookTest"/>
        <method signature="LoginWithFacebookTest.positiveFacebookLoginTest(java.lang.String, java.lang.String)[pri:1, instance:com.mundijuegos.loginWithFacebook.LoginWithFacebookTest@31920ade]" name="positiveFacebookLoginTest" class="com.mundijuegos.loginWithFacebook.LoginWithFacebookTest"/>
      </group> <!-- positiveTests -->
    </groups>
    <test started-at="2020-11-12T14:26:10Z" name="PositiveTest - Facebook - CHROME" finished-at="2020-11-12T14:26:23Z" duration-ms="13095">
      <class name="com.mundijuegos.loginWithFacebook.LoginWithFacebookTest">
        <test-method is-config="true" signature="Setup(java.lang.String, org.testng.ITestContext)[pri:0, instance:com.mundijuegos.loginWithFacebook.LoginWithFacebookTest@616ac46a]" started-at="2020-11-12T14:26:10Z" name="Setup" finished-at="2020-11-12T14:26:16Z" duration-ms="5216" status="PASS">
          <params>
            <param index="0">
              <value>
                <![CDATA[chrome]]>
              </value>
            </param>
            <param index="1">
              <value>
                <![CDATA[org.testng.TestRunner@5be51aa]]>
              </value>
            </param>
          </params>
          <reporter-output>
          </reporter-output>
        </test-method> <!-- Setup -->
        <test-method signature="positiveFacebookLoginTest(java.lang.String, java.lang.String)[pri:1, instance:com.mundijuegos.loginWithFacebook.LoginWithFacebookTest@616ac46a]" started-at="2020-11-12T14:26:16Z" name="positiveFacebookLoginTest" finished-at="2020-11-12T14:26:23Z" duration-ms="7231" status="PASS">
          <params>
            <param index="0">
              <value>
                <![CDATA[nicotangelo1@gmail.com]]>
              </value>
            </param>
            <param index="1">
              <value>
                <![CDATA[Baator1985]]>
              </value>
            </param>
          </params>
          <reporter-output>
          </reporter-output>
        </test-method> <!-- positiveFacebookLoginTest -->
        <test-method is-config="true" signature="tearDown()[pri:0, instance:com.mundijuegos.loginWithFacebook.LoginWithFacebookTest@616ac46a]" started-at="2020-11-12T14:26:23Z" name="tearDown" finished-at="2020-11-12T14:26:23Z" duration-ms="648" status="PASS">
          <reporter-output>
          </reporter-output>
        </test-method> <!-- tearDown -->
      </class> <!-- com.mundijuegos.loginWithFacebook.LoginWithFacebookTest -->
    </test> <!-- PositiveTest - Facebook - CHROME -->
    <test started-at="2020-11-12T14:26:23Z" name="PositiveTest- Facebook - FIREFOX" finished-at="2020-11-12T14:26:38Z" duration-ms="14789">
      <class name="com.mundijuegos.loginWithFacebook.LoginWithFacebookTest">
        <test-method is-config="true" signature="Setup(java.lang.String, org.testng.ITestContext)[pri:0, instance:com.mundijuegos.loginWithFacebook.LoginWithFacebookTest@31920ade]" started-at="2020-11-12T14:26:23Z" name="Setup" finished-at="2020-11-12T14:26:27Z" duration-ms="3099" status="PASS">
          <params>
            <param index="0">
              <value>
                <![CDATA[firefox]]>
              </value>
            </param>
            <param index="1">
              <value>
                <![CDATA[org.testng.TestRunner@3302035b]]>
              </value>
            </param>
          </params>
          <reporter-output>
          </reporter-output>
        </test-method> <!-- Setup -->
        <test-method signature="positiveFacebookLoginTest(java.lang.String, java.lang.String)[pri:1, instance:com.mundijuegos.loginWithFacebook.LoginWithFacebookTest@31920ade]" started-at="2020-11-12T14:26:27Z" name="positiveFacebookLoginTest" finished-at="2020-11-12T14:26:37Z" duration-ms="10803" status="PASS">
          <params>
            <param index="0">
              <value>
                <![CDATA[nicotangelo1@gmail.com]]>
              </value>
            </param>
            <param index="1">
              <value>
                <![CDATA[Baator1985]]>
              </value>
            </param>
          </params>
          <reporter-output>
          </reporter-output>
        </test-method> <!-- positiveFacebookLoginTest -->
        <test-method is-config="true" signature="tearDown()[pri:0, instance:com.mundijuegos.loginWithFacebook.LoginWithFacebookTest@31920ade]" started-at="2020-11-12T14:26:37Z" name="tearDown" finished-at="2020-11-12T14:26:38Z" duration-ms="887" status="PASS">
          <reporter-output>
          </reporter-output>
        </test-method> <!-- tearDown -->
      </class> <!-- com.mundijuegos.loginWithFacebook.LoginWithFacebookTest -->
    </test> <!-- PositiveTest- Facebook - FIREFOX -->
    <test started-at="2020-11-12T14:26:38Z" name="NegativeTests - Facebook - CHROME" finished-at="2020-11-12T14:26:38Z" duration-ms="0">
    </test> <!-- NegativeTests - Facebook - CHROME -->
    <test started-at="2020-11-12T14:26:38Z" name="NegativeTests - Facebook - FIREFOX" finished-at="2020-11-12T14:26:38Z" duration-ms="0">
    </test> <!-- NegativeTests - Facebook - FIREFOX -->
  </suite> <!-- LoginTestWithFacebookSuite -->
</testng-results>
