<?xml version="1.0" encoding="UTF-8"?>
<testsuite xmlns:xsi="http://www.w3.org/2001/XMLSchema-instance" xsi:noNamespaceSchemaLocation="https://maven.apache.org/surefire/maven-surefire-plugin/xsd/surefire-test-report-3.0.xsd" version="3.0" name="TestSuite" time="195.308" tests="14" errors="0" skipped="0" failures="1">
  <properties>
[...]
</properties>
  <testcase name="positiveLoginTest" classname="com.mundijuegos.loginTest.LoginTests" time="4.197"/>
  <testcase name="positiveLoginTest" classname="com.mundijuegos.loginTest.LoginTests" time="4.746"/>
  <testcase name="negativeLoginTests" classname="com.mundijuegos.loginTest.LoginTests" time="3.146"/>
  <testcase name="negativeLoginTests" classname="com.mundijuegos.loginTest.LoginTests" time="3.209"/>
  <testcase name="logoutTest" classname="com.mundijuegos.logoutTest.LogoutTests" time="5.254"/>
  <testcase name="logoutTest" classname="com.mundijuegos.logoutTest.LogoutTests" time="5.472"/>
  <testcase name="positiveFacebookLoginTest" classname="com.mundijuegos.loginWithFacebook.LoginWithFacebookTest" time="8.08"/>
  <testcase name="positiveFacebookLoginTest" classname="com.mundijuegos.loginWithFacebook.LoginWithFacebookTest" time="35.438">
    <failure message="Expected condition failed: waiting for visibility of element located by By.xpath: //a[@id=&apos;header-user-nom&apos;] (tried for 30 second(s) with 500 milliseconds interval)" type="org.openqa.selenium.TimeoutException"><![CDATA[org.openqa.selenium.TimeoutException: Expected condition failed: waiting for visibility of element located by By.xpath: //a[@id='header-user-nom'] (tried for 30 second(s) with 500 milliseconds interval)
	at com.mundijuegos.loginWithFacebook.LoginWithFacebookTest.positiveFacebookLoginTest(LoginWithFacebookTest.java:33)
Caused by: org.openqa.selenium.NoSuchElementException: 
Unable to locate element: //a[@id='header-user-nom']
For documentation on this error, please visit: https://www.seleniumhq.org/exceptions/no_such_element.html
Build info: version: '3.141.59', revision: 'e82be7d358', time: '2018-11-14T08:17:03'
System info: host: 'MSI', ip: '192.168.1.52', os.name: 'Windows 10', os.arch: 'amd64', os.version: '10.0', java.version: '11.0.6'
Driver info: org.openqa.selenium.firefox.FirefoxDriver
Capabilities {acceptInsecureCerts: true, browserName: firefox, browserVersion: 77.0.1, javascriptEnabled: true, moz:accessibilityChecks: false, moz:buildID: 20200602222727, moz:geckodriverVersion: 0.26.0, moz:headless: false, moz:processID: 12688, moz:profile: C:\Users\Nico\AppData\Local..., moz:shutdownTimeout: 60000, moz:useNonSpecCompliantPointerOrigin: false, moz:webdriverClick: true, pageLoadStrategy: normal, platform: WINDOWS, platformName: WINDOWS, platformVersion: 10.0, rotatable: false, setWindowRect: true, strictFileInteractability: false, timeouts: {implicit: 0, pageLoad: 300000, script: 30000}, unhandledPromptBehavior: dismiss and notify}
Session ID: 54c70118-443c-4d5f-80ad-b2335ac06e64
*** Element info: {Using=xpath, value=//a[@id='header-user-nom']}
	at com.mundijuegos.loginWithFacebook.LoginWithFacebookTest.positiveFacebookLoginTest(LoginWithFacebookTest.java:33)
]]></failure>
    <system-out><![CDATA[[main] 14:07:32,010 INFO  [PositiveTest - CHROME] ======TEST==COMPLETE======
[main] 14:07:32,015 INFO  [PositiveTest - FIREFOX] Create driver: firefox
[main] 14:07:35,558 INFO  [PositiveTest - FIREFOX] Starting positive loginTest with Facebook
[main] 14:07:35,558 INFO  [PositiveTest - FIREFOX] Opening page: https://www.mundijuegos.com/
[main] 14:07:37,538 INFO  [PositiveTest - FIREFOX] Page opened
[main] 14:07:37,538 INFO  [PositiveTest - FIREFOX] Clicking on login button
[main] 14:07:38,270 INFO  [PositiveTest - FIREFOX] First window's title is 10
[main] 14:07:38,280 INFO  [PositiveTest - FIREFOX] Executing login on facebook with username [nicotangelo1@gmail.com] and password [Baator1985].
]]></system-out>
    <system-err><![CDATA[1594037252544	mozrunner::runner	INFO	Running command: "C:\\Program Files\\Mozilla Firefox\\firefox.exe" "-marionette" "-foreground" "-no-remote" "-profile" "C:\\Users\\Nico\\AppData\\Local\\Temp\\rust_mozprofileGBq7jE"
JavaScript error: resource://gre/modules/XULStore.jsm, line 66: Error: Can't find profile directory.
1594037255056	Marionette	INFO	Listening on port 60808
1594037255193	Marionette	WARN	TLS certificate errors will be ignored for this session
juil. 06, 2020 2:07:35 PM org.openqa.selenium.remote.ProtocolHandshake createSession
INFO: Detected dialect: W3C
JavaScript error: resource://gre/modules/URIFixup.jsm, line 203: NS_ERROR_FAILURE: Should pass a non-null uri
]]></system-err>
  </testcase>
  <testcase name="positiveGoogleLoginTest" classname="com.mundijuegos.loginWithGoogle.LoginWithGoogleTests" time="9.896"/>
  <testcase name="positiveGoogleLoginTest" classname="com.mundijuegos.loginWithGoogle.LoginWithGoogleTests" time="8.254"/>
  <testcase name="registerTest" classname="com.mundijuegos.registerTest.RegisterTest" time="4.716"/>
  <testcase name="registerTest" classname="com.mundijuegos.registerTest.RegisterTest" time="5.953"/>
  <testcase name="launchVideoBingo" classname="com.mundijuegos.videoBingo.VideoBingoTest" time="8.264"/>
  <testcase name="launchVideoBingo" classname="com.mundijuegos.videoBingo.VideoBingoTest" time="8.844"/>
</testsuite>