<?xml version="1.0" encoding="UTF-8"?>
<testsuite xmlns:xsi="http://www.w3.org/2001/XMLSchema-instance" xsi:noNamespaceSchemaLocation="https://maven.apache.org/surefire/maven-surefire-plugin/xsd/surefire-test-report-3.0.xsd" version="3.0" name="TestSuite" time="154.649" tests="12" errors="0" skipped="0" failures="1">
  <properties>
[...]
</properties>
  <testcase name="positiveLoginTest" classname="com.mundijuegos.loginTest.LoginTests" time="3.762"/>
  <testcase name="positiveLoginTest" classname="com.mundijuegos.loginTest.LoginTests" time="4.434"/>
  <testcase name="negativeLoginTests" classname="com.mundijuegos.loginTest.LoginTests" time="2.48"/>
  <testcase name="negativeLoginTests" classname="com.mundijuegos.loginTest.LoginTests" time="2.885"/>
  <testcase name="logoutTest" classname="com.mundijuegos.logoutTest.LogoutTests" time="3.925"/>
  <testcase name="logoutTest" classname="com.mundijuegos.logoutTest.LogoutTests" time="4.672"/>
  <testcase name="positiveFacebookLoginTest" classname="com.mundijuegos.loginWithFacebook.LoginWithFacebookTest" time="7.839"/>
  <testcase name="positiveFacebookLoginTest" classname="com.mundijuegos.loginWithFacebook.LoginWithFacebookTest" time="7.944"/>
  <testcase name="registerTest" classname="com.mundijuegos.registerTest.RegisterTest" time="32.795">
    <failure message="Expected condition failed: waiting for visibility of element located by By.id: header-user-nom (tried for 30 second(s) with 500 milliseconds interval)" type="org.openqa.selenium.TimeoutException"><![CDATA[org.openqa.selenium.TimeoutException: Expected condition failed: waiting for visibility of element located by By.id: header-user-nom (tried for 30 second(s) with 500 milliseconds interval)
	at com.mundijuegos.registerTest.RegisterTest.registerTest(RegisterTest.java:32)
Caused by: org.openqa.selenium.NoSuchElementException: 
no such element: Unable to locate element: {"method":"css selector","selector":"#header\-user\-nom"}
  (Session info: chrome=84.0.4147.89)
For documentation on this error, please visit: https://www.seleniumhq.org/exceptions/no_such_element.html
Build info: version: '3.141.59', revision: 'e82be7d358', time: '2018-11-14T08:17:03'
System info: host: 'DESKTOP-G6VBFF2', ip: '192.168.10.145', os.name: 'Windows 10', os.arch: 'amd64', os.version: '10.0', java.version: '11.0.8'
Driver info: org.openqa.selenium.chrome.ChromeDriver
Capabilities {acceptInsecureCerts: false, browserName: chrome, browserVersion: 84.0.4147.89, chrome: {chromedriverVersion: 83.0.4103.39 (ccbf011cb2d2b..., userDataDir: C:\Users\LIDIA~1.PER\AppDat...}, goog:chromeOptions: {debuggerAddress: localhost:57047}, javascriptEnabled: true, networkConnectionEnabled: false, pageLoadStrategy: normal, platform: WINDOWS, platformName: WINDOWS, proxy: Proxy(), setWindowRect: true, strictFileInteractability: false, timeouts: {implicit: 0, pageLoad: 300000, script: 30000}, unhandledPromptBehavior: dismiss and notify, webauthn:virtualAuthenticators: true}
Session ID: 6ce86f04ab34c8d217628feae8941bb7
*** Element info: {Using=id, value=header-user-nom}
	at com.mundijuegos.registerTest.RegisterTest.registerTest(RegisterTest.java:32)
]]></failure>
    <system-out><![CDATA[[main] 17:11:15,342 INFO  [PositiveTest- Facebook - FIREFOX] ======TEST COMPLETE======
[main] 17:11:15,351 INFO  [RegisterTest - CHROME] Create driver: chrome
[main] 17:11:20,492 INFO  [RegisterTest - CHROME] Starting register test
[main] 17:11:20,493 INFO  [RegisterTest - CHROME] Opening page: https://www.mundijuegos.com/
[main] 17:11:21,935 INFO  [RegisterTest - CHROME] Page opened
[main] 17:11:21,935 INFO  [RegisterTest - CHROME] Clicking on register button
[main] 17:11:22,131 INFO  [RegisterTest - CHROME] Creating new account
[main] 17:11:22,802 INFO  [RegisterTest - CHROME] First window's title is CDwindow-02CF68401AF40A8220D81D39EB86D35A
]]></system-out>
    <system-err><![CDATA[1595257874009	Marionette	INFO	Stopped listening on port 56954

###!!! [Child][RunMessage] Error: Channel closing: too late to send/recv, messages will be lost


###!!! [Child][MessageChannel::SendAndWait] Error: Channel error: cannot send/recv

Starting ChromeDriver 83.0.4103.39 (ccbf011cb2d2b19b506d844400483861342c20cd-refs/branch-heads/4103@{#416}) on port 43142
Only local connections are allowed.
Please see https://chromedriver.chromium.org/security-considerations for suggestions on keeping ChromeDriver safe.
ChromeDriver was started successfully.
[1595257876.353][WARNING]: This version of ChromeDriver has not been tested with Chrome version 84.
Jul 20, 2020 5:11:18 PM org.openqa.selenium.remote.ProtocolHandshake createSession
INFO: Detected dialect: W3C
]]></system-err>
  </testcase>
  <testcase name="registerTest" classname="com.mundijuegos.registerTest.RegisterTest" time="5.966"/>
  <testcase name="launchVideoBingo" classname="com.mundijuegos.videoBingo.VideoBingoTest" time="8.41"/>
  <testcase name="launchVideoBingo" classname="com.mundijuegos.videoBingo.VideoBingoTest" time="7.299"/>
</testsuite>