<?xml version="1.0" encoding="UTF-8"?>
<testng-results ignored="0" total="2" passed="2" failed="0" skipped="0">
  <reporter-output>
  </reporter-output>
  <suite started-at="2020-07-20T14:36:05Z" name="RegisterTestSuite" finished-at="2020-07-20T14:36:27Z" duration-ms="21818">
    <groups>
    </groups>
    <test started-at="2020-07-20T14:36:05Z" name="RegisterTest - CHROME" finished-at="2020-07-20T14:36:16Z" duration-ms="10863">
      <class name="com.mundijuegos.registerTest.RegisterTest">
        <test-method is-config="true" signature="Setup(java.lang.String, org.testng.ITestContext)[pri:0, instance:com.mundijuegos.registerTest.RegisterTest@2a3888c1]" started-at="2020-07-20T14:36:05Z" name="Setup" finished-at="2020-07-20T14:36:11Z" duration-ms="5894" status="PASS">
          <params>
            <param index="0">
              <value>
                <![CDATA[chrome]]>
              </value>
            </param>
            <param index="1">
              <value>
                <![CDATA[org.testng.TestRunner@671d1157]]>
              </value>
            </param>
          </params>
          <reporter-output>
          </reporter-output>
        </test-method> <!-- Setup -->
        <test-method signature="registerTest()[pri:1, instance:com.mundijuegos.registerTest.RegisterTest@2a3888c1]" started-at="2020-07-20T14:36:11Z" name="registerTest" finished-at="2020-07-20T14:36:15Z" duration-ms="4322" status="PASS">
          <reporter-output>
          </reporter-output>
        </test-method> <!-- registerTest -->
        <test-method is-config="true" signature="tearDown()[pri:0, instance:com.mundijuegos.registerTest.RegisterTest@2a3888c1]" started-at="2020-07-20T14:36:15Z" name="tearDown" finished-at="2020-07-20T14:36:16Z" duration-ms="625" status="PASS">
          <reporter-output>
          </reporter-output>
        </test-method> <!-- tearDown -->
      </class> <!-- com.mundijuegos.registerTest.RegisterTest -->
    </test> <!-- RegisterTest - CHROME -->
    <test started-at="2020-07-20T14:36:16Z" name="RegisterTest - FIREFOX" finished-at="2020-07-20T14:36:27Z" duration-ms="10935">
      <class name="com.mundijuegos.registerTest.RegisterTest">
        <test-method is-config="true" signature="Setup(java.lang.String, org.testng.ITestContext)[pri:0, instance:com.mundijuegos.registerTest.RegisterTest@7d3d101b]" started-at="2020-07-20T14:36:16Z" name="Setup" finished-at="2020-07-20T14:36:19Z" duration-ms="2965" status="PASS">
          <params>
            <param index="0">
              <value>
                <![CDATA[firefox]]>
              </value>
            </param>
            <param index="1">
              <value>
                <![CDATA[org.testng.TestRunner@60c8a093]]>
              </value>
            </param>
          </params>
          <reporter-output>
          </reporter-output>
        </test-method> <!-- Setup -->
        <test-method signature="registerTest()[pri:1, instance:com.mundijuegos.registerTest.RegisterTest@7d3d101b]" started-at="2020-07-20T14:36:19Z" name="registerTest" finished-at="2020-07-20T14:36:26Z" duration-ms="6876" status="PASS">
          <reporter-output>
          </reporter-output>
        </test-method> <!-- registerTest -->
        <test-method is-config="true" signature="tearDown()[pri:0, instance:com.mundijuegos.registerTest.RegisterTest@7d3d101b]" started-at="2020-07-20T14:36:26Z" name="tearDown" finished-at="2020-07-20T14:36:27Z" duration-ms="1092" status="PASS">
          <reporter-output>
          </reporter-output>
        </test-method> <!-- tearDown -->
      </class> <!-- com.mundijuegos.registerTest.RegisterTest -->
    </test> <!-- RegisterTest - FIREFOX -->
  </suite> <!-- RegisterTestSuite -->
</testng-results>
