<?xml version="1.0" encoding="UTF-8"?>
<testng-results ignored="0" total="2" passed="2" failed="0" skipped="0">
  <reporter-output>
  </reporter-output>
  <suite started-at="2020-07-10T16:44:26Z" name="RegisterTestSuite" finished-at="2020-07-10T16:44:47Z" duration-ms="21032">
    <groups>
    </groups>
    <test started-at="2020-07-10T16:44:26Z" name="RegisterTest - CHROME" finished-at="2020-07-10T16:44:37Z" duration-ms="11791">
      <class name="com.mundijuegos.registerTest.RegisterTest">
        <test-method is-config="true" signature="Setup(java.lang.String, org.testng.ITestContext)[pri:0, instance:com.mundijuegos.registerTest.RegisterTest@4bf48f6]" started-at="2020-07-10T16:44:26Z" name="Setup" finished-at="2020-07-10T16:44:32Z" duration-ms="6249" status="PASS">
          <params>
            <param index="0">
              <value>
                <![CDATA[chrome]]>
              </value>
            </param>
            <param index="1">
              <value>
                <![CDATA[org.testng.TestRunner@6dfa915a]]>
              </value>
            </param>
          </params>
          <reporter-output>
          </reporter-output>
        </test-method> <!-- Setup -->
        <test-method signature="registerTest()[pri:1, instance:com.mundijuegos.registerTest.RegisterTest@4bf48f6]" started-at="2020-07-10T16:44:32Z" name="registerTest" finished-at="2020-07-10T16:44:37Z" duration-ms="4794" status="PASS">
          <reporter-output>
          </reporter-output>
        </test-method> <!-- registerTest -->
        <test-method is-config="true" signature="tearDown()[pri:0, instance:com.mundijuegos.registerTest.RegisterTest@4bf48f6]" started-at="2020-07-10T16:44:37Z" name="tearDown" finished-at="2020-07-10T16:44:37Z" duration-ms="725" status="PASS">
          <reporter-output>
          </reporter-output>
        </test-method> <!-- tearDown -->
      </class> <!-- com.mundijuegos.registerTest.RegisterTest -->
    </test> <!-- RegisterTest - CHROME -->
    <test started-at="2020-07-10T16:44:37Z" name="RegisterTest - FIREFOX" finished-at="2020-07-10T16:44:47Z" duration-ms="9209">
      <class name="com.mundijuegos.registerTest.RegisterTest">
        <test-method is-config="true" signature="Setup(java.lang.String, org.testng.ITestContext)[pri:0, instance:com.mundijuegos.registerTest.RegisterTest@1e81f160]" started-at="2020-07-10T16:44:37Z" name="Setup" finished-at="2020-07-10T16:44:41Z" duration-ms="3534" status="PASS">
          <params>
            <param index="0">
              <value>
                <![CDATA[firefox]]>
              </value>
            </param>
            <param index="1">
              <value>
                <![CDATA[org.testng.TestRunner@78054f54]]>
              </value>
            </param>
          </params>
          <reporter-output>
          </reporter-output>
        </test-method> <!-- Setup -->
        <test-method signature="registerTest()[pri:1, instance:com.mundijuegos.registerTest.RegisterTest@1e81f160]" started-at="2020-07-10T16:44:41Z" name="registerTest" finished-at="2020-07-10T16:44:46Z" duration-ms="4581" status="PASS">
          <reporter-output>
          </reporter-output>
        </test-method> <!-- registerTest -->
        <test-method is-config="true" signature="tearDown()[pri:0, instance:com.mundijuegos.registerTest.RegisterTest@1e81f160]" started-at="2020-07-10T16:44:46Z" name="tearDown" finished-at="2020-07-10T16:44:47Z" duration-ms="1092" status="PASS">
          <reporter-output>
          </reporter-output>
        </test-method> <!-- tearDown -->
      </class> <!-- com.mundijuegos.registerTest.RegisterTest -->
    </test> <!-- RegisterTest - FIREFOX -->
  </suite> <!-- RegisterTestSuite -->
</testng-results>
